This file contains any messages produced by compilers while
running configure, to aid debugging if configure makes a mistake.

It was created by libbswabe configure 0.9, which was
generated by GNU Autoconf 2.67.  Invocation command line was

  $ ./configure 

## --------- ##
## Platform. ##
## --------- ##

hostname = Kupo
uname -m = x86_64
uname -r = 3.4.9-1.x86_64
uname -s = CYGWIN_NT-10.0-22621
uname -v = 2023-09-06 11:19 UTC

/usr/bin/uname -p = unknown
/bin/uname -X     = unknown

/bin/arch              = x86_64
/usr/bin/arch -k       = unknown
/usr/convex/getsysinfo = unknown
/usr/bin/hostinfo      = unknown
/bin/machine           = unknown
/usr/bin/oslevel       = unknown
/bin/universe          = unknown

PATH: /usr/local/bin
PATH: /usr/bin
PATH: /cygdrive/c/MinGW/bin
PATH: /cygdrive/c/Windows/system32
PATH: /cygdrive/c/Windows
PATH: /cygdrive/c/Windows/System32/Wbem
PATH: /cygdrive/c/Windows/System32/WindowsPowerShell/v1.0
PATH: /cygdrive/c/Windows/System32/OpenSSH
PATH: /cygdrive/c/Program Files/Intel/WiFi/bin
PATH: /cygdrive/c/Program Files/Common Files/Intel/WirelessCommon
PATH: /cygdrive/c/Program Files (x86)/NVIDIA Corporation/PhysX/Common
PATH: /cygdrive/c/Program Files/NVIDIA Corporation/NVIDIA NvDLISR
PATH: /cygdrive/c/WINDOWS/system32
PATH: /cygdrive/c/WINDOWS
PATH: /cygdrive/c/WINDOWS/System32/Wbem
PATH: /cygdrive/c/WINDOWS/System32/WindowsPowerShell/v1.0
PATH: /cygdrive/c/WINDOWS/System32/OpenSSH
PATH: /cygdrive/c/Program Files/Microsoft SQL Server/130/Tools/Binn
PATH: /cygdrive/c/Program Files/dotnet
PATH: /cygdrive/c/WINDOWS/system32
PATH: /cygdrive/c/WINDOWS
PATH: /cygdrive/c/WINDOWS/System32/Wbem
PATH: /cygdrive/c/WINDOWS/System32/WindowsPowerShell/v1.0
PATH: /cygdrive/c/WINDOWS/System32/OpenSSH
PATH: /cygdrive/c/Program Files/Git/cmd
PATH: /usr/bin
PATH: /cygdrive/c/MinGW/bin
PATH: /cygdrive/c/Program Files/Docker/Docker/resources/bin
PATH: /cygdrive/c/Program Files/nodejs
PATH: /cygdrive/c/ProgramData/chocolatey/bin
PATH: /cygdrive/c/Users/Dell/AppData/Local/Programs/Python/Python311/Scripts
PATH: /cygdrive/c/Program Files (x86)/GnuWin32/bin
PATH: /cygdrive/c/Program Files/MySQL/MySQL Server 8.0/bin
PATH: /cygdrive/c/Program Files/MySQL/MySQL Shell 8.0/bin
PATH: /cygdrive/c/Users/Dell/AppData/Local/Programs/Python/Python311/Scripts
PATH: /cygdrive/c/Users/Dell/AppData/Local/Programs/Python/Python311
PATH: /cygdrive/c/Users/Dell/AppData/Local/Microsoft/WindowsApps
PATH: /cygdrive/c/Users/Dell/AppData/Local/GitHubDesktop/bin
PATH: /cygdrive/c/Users/Dell/AppData/Local/Programs/Microsoft VS Code/bin
PATH: /cygdrive/c/Users/Dell/AppData/Local/Programs/Python/Python36-32
PATH: /cygdrive/c/Users/Dell/AppData/Roaming/npm


## ----------- ##
## Core tests. ##
## ----------- ##

configure:2153: checking whether to enable debugging
configure:2173: result: no
configure:2224: checking for gcc
configure:2240: found /usr/bin/gcc
configure:2251: result: gcc
configure:2480: checking for C compiler version
configure:2489: gcc --version >&5
gcc (GCC) 11.4.0
Copyright (C) 2021 Free Software Foundation, Inc.
This is free software; see the source for copying conditions.  There is NO
warranty; not even for MERCHANTABILITY or FITNESS FOR A PARTICULAR PURPOSE.

configure:2500: $? = 0
configure:2489: gcc -v >&5
Using built-in specs.
COLLECT_GCC=gcc
COLLECT_LTO_WRAPPER=/usr/lib/gcc/x86_64-pc-cygwin/11/lto-wrapper.exe
Target: x86_64-pc-cygwin
Configured with: /mnt/share/cygpkgs/gcc/gcc.x86_64/src/gcc-11.4.0/configure --srcdir=/mnt/share/cygpkgs/gcc/gcc.x86_64/src/gcc-11.4.0 --prefix=/usr --exec-prefix=/usr --localstatedir=/var --sysconfdir=/etc --docdir=/usr/share/doc/gcc --htmldir=/usr/share/doc/gcc/html -C --build=x86_64-pc-cygwin --host=x86_64-pc-cygwin --target=x86_64-pc-cygwin --without-libiconv-prefix --without-libintl-prefix --libexecdir=/usr/lib --with-gcc-major-version-only --enable-shared --enable-shared-libgcc --enable-static --enable-version-specific-runtime-libs --enable-bootstrap --enable-__cxa_atexit --with-dwarf2 --with-tune=generic --enable-languages=ada,c,c++,d,fortran,lto,objc,obj-c++,jit --enable-graphite --enable-threads=posix --enable-libatomic --enable-libgomp --enable-libquadmath --enable-libquadmath-support --disable-libssp --enable-libada --disable-symvers --disable-multilib --with-gnu-ld --with-gnu-as --with-cloog-include=/usr/include/cloog-isl --without-libiconv-prefix --without-libintl-prefix --with-system-zlib --enable-linker-build-id --with-default-libstdcxx-abi=gcc4-compatible --enable-libstdcxx-filesystem-ts
Thread model: posix
Supported LTO compression algorithms: zlib zstd
gcc version 11.4.0 (GCC) 
configure:2500: $? = 0
configure:2489: gcc -V >&5
gcc: error: unrecognized command-line option '-V'
gcc: fatal error: no input files
compilation terminated.
configure:2500: $? = 1
configure:2489: gcc -qversion >&5
gcc: error: unrecognized command-line option '-qversion'; did you mean '--version'?
gcc: fatal error: no input files
compilation terminated.
configure:2500: $? = 1
configure:2520: checking whether the C compiler works
configure:2542: gcc -O3 -Wall  -O3 -Wall conftest.c  >&5
configure:2546: $? = 0
configure:2594: result: yes
configure:2597: checking for C compiler default output file name
configure:2599: result: a.exe
configure:2605: checking for suffix of executables
configure:2612: gcc -o conftest.exe -O3 -Wall  -O3 -Wall conftest.c  >&5
configure:2616: $? = 0
configure:2638: result: .exe
configure:2660: checking whether we are cross compiling
configure:2668: gcc -o conftest.exe -O3 -Wall  -O3 -Wall conftest.c  >&5
configure:2672: $? = 0
configure:2679: ./conftest.exe
configure:2683: $? = 0
configure:2698: result: no
configure:2703: checking for suffix of object files
configure:2725: gcc -c -O3 -Wall  conftest.c >&5
configure:2729: $? = 0
configure:2750: result: o
configure:2754: checking whether we are using the GNU C compiler
configure:2773: gcc -c -O3 -Wall  conftest.c >&5
configure:2773: $? = 0
configure:2782: result: yes
configure:2791: checking whether gcc accepts -g
configure:2811: gcc -c -g  conftest.c >&5
configure:2811: $? = 0
configure:2852: result: yes
configure:2869: checking for gcc option to accept ISO C89
configure:2933: gcc  -c -O3 -Wall  conftest.c >&5
configure:2933: $? = 0
configure:2946: result: none needed
configure:2973: checking for an ANSI C-conforming const
configure:3038: gcc -c -O3 -Wall  conftest.c >&5
conftest.c: In function 'main':
conftest.c:38:7: warning: 't' is used uninitialized [-Wuninitialized]
   38 |     *t++ = 0;
      |      ~^~
conftest.c:54:23: warning: 'b' is used uninitialized [-Wuninitialized]
   54 |     struct s *b; b->j = 5;
      |                  ~~~~~^~~
conftest.c:60:13: warning: 'cs' is used uninitialized [-Wuninitialized]
   60 |   return !cs[0] && !zero.x;
      |           ~~^~~
conftest.c:17:17: note: 'cs' declared here
   17 |   const charset cs;
      |                 ^~
configure:3038: $? = 0
configure:3045: result: yes
configure:3058: checking how to run the C preprocessor
configure:3089: gcc -E  conftest.c
configure:3089: $? = 0
configure:3103: gcc -E  conftest.c
conftest.c:9:10: fatal error: ac_nonexistent.h: No such file or directory
    9 | #include <ac_nonexistent.h>
      |          ^~~~~~~~~~~~~~~~~~
compilation terminated.
configure:3103: $? = 1
configure: failed program was:
| /* confdefs.h */
| #define PACKAGE_NAME "libbswabe"
| #define PACKAGE_TARNAME "libbswabe"
| #define PACKAGE_VERSION "0.9"
| #define PACKAGE_STRING "libbswabe 0.9"
| #define PACKAGE_BUGREPORT "bethenco@cs.berkeley.edu"
| #define PACKAGE_URL ""
| /* end confdefs.h.  */
| #include <ac_nonexistent.h>
configure:3128: result: gcc -E
configure:3148: gcc -E  conftest.c
configure:3148: $? = 0
configure:3162: gcc -E  conftest.c
conftest.c:9:10: fatal error: ac_nonexistent.h: No such file or directory
    9 | #include <ac_nonexistent.h>
      |          ^~~~~~~~~~~~~~~~~~
compilation terminated.
configure:3162: $? = 1
configure: failed program was:
| /* confdefs.h */
| #define PACKAGE_NAME "libbswabe"
| #define PACKAGE_TARNAME "libbswabe"
| #define PACKAGE_VERSION "0.9"
| #define PACKAGE_STRING "libbswabe 0.9"
| #define PACKAGE_BUGREPORT "bethenco@cs.berkeley.edu"
| #define PACKAGE_URL ""
| /* end confdefs.h.  */
| #include <ac_nonexistent.h>
configure:3191: checking for grep that handles long lines and -e
configure:3249: result: /usr/bin/grep
configure:3254: checking for egrep
configure:3316: result: /usr/bin/grep -E
configure:3321: checking for ANSI C header files
configure:3341: gcc -c -O3 -Wall  conftest.c >&5
configure:3341: $? = 0
configure:3414: gcc -o conftest.exe -O3 -Wall  -O3 -Wall conftest.c  >&5
configure:3414: $? = 0
configure:3414: ./conftest.exe
configure:3414: $? = 0
configure:3425: result: yes
configure:3438: checking for sys/types.h
configure:3438: gcc -c -O3 -Wall  conftest.c >&5
configure:3438: $? = 0
configure:3438: result: yes
configure:3438: checking for sys/stat.h
configure:3438: gcc -c -O3 -Wall  conftest.c >&5
configure:3438: $? = 0
configure:3438: result: yes
configure:3438: checking for stdlib.h
configure:3438: gcc -c -O3 -Wall  conftest.c >&5
configure:3438: $? = 0
configure:3438: result: yes
configure:3438: checking for string.h
configure:3438: gcc -c -O3 -Wall  conftest.c >&5
configure:3438: $? = 0
configure:3438: result: yes
configure:3438: checking for memory.h
configure:3438: gcc -c -O3 -Wall  conftest.c >&5
configure:3438: $? = 0
configure:3438: result: yes
configure:3438: checking for strings.h
configure:3438: gcc -c -O3 -Wall  conftest.c >&5
configure:3438: $? = 0
configure:3438: result: yes
configure:3438: checking for inttypes.h
configure:3438: gcc -c -O3 -Wall  conftest.c >&5
configure:3438: $? = 0
configure:3438: result: yes
configure:3438: checking for stdint.h
configure:3438: gcc -c -O3 -Wall  conftest.c >&5
configure:3438: $? = 0
configure:3438: result: yes
configure:3438: checking for unistd.h
configure:3438: gcc -c -O3 -Wall  conftest.c >&5
configure:3438: $? = 0
configure:3438: result: yes
configure:3450: checking for uint32_t
configure:3450: gcc -c -O3 -Wall  conftest.c >&5
conftest.c: In function 'main':
conftest.c:55:12: warning: variable 'test_array' set but not used [-Wunused-but-set-variable]
   55 | static int test_array [1 - 2 * !(((uint32_t) -1 >> (32 / 2 - 1)) >> (32 / 2 - 1) == 3)];
      |            ^~~~~~~~~~
configure:3450: $? = 0
configure:3450: result: yes
configure:3465: checking for ANSI C header files
configure:3569: result: yes
configure:3580: checking for stdint.h
configure:3580: result: yes
configure:3580: checking for stdlib.h
configure:3580: result: yes
configure:3580: checking for string.h
configure:3580: result: yes
configure:3595: checking for stdlib.h
configure:3595: result: yes
configure:3605: checking for GNU libc compatible malloc
configure:3629: gcc -o conftest.exe -O3 -Wall  -O3 -Wall conftest.c  >&5
configure:3629: $? = 0
configure:3629: ./conftest.exe
configure:3629: $? = 0
configure:3639: result: yes
configure:3662: checking for working alloca.h
configure:3679: gcc -o conftest.exe -O3 -Wall  -O3 -Wall conftest.c  >&5
configure:3679: $? = 0
configure:3687: result: yes
configure:3695: checking for alloca
configure:3732: gcc -o conftest.exe -O3 -Wall  -O3 -Wall conftest.c  >&5
configure:3732: $? = 0
configure:3740: result: yes
configure:3851: checking for vprintf
configure:3851: gcc -o conftest.exe -O3 -Wall  -O3 -Wall conftest.c  >&5
conftest.c:50:6: warning: conflicting types for built-in function 'vprintf'; expected 'int(const char *, char *)' [-Wbuiltin-declaration-mismatch]
   50 | char vprintf ();
      |      ^~~~~~~
conftest.c:38:1: note: 'vprintf' is declared in header '<stdio.h>'
   37 | # include <limits.h>
   38 | #else
configure:3851: $? = 0
configure:3851: result: yes
configure:3857: checking for _doprnt
configure:3857: gcc -o conftest.exe -O3 -Wall  -O3 -Wall conftest.c  >&5
/usr/lib/gcc/x86_64-pc-cygwin/11/../../../../x86_64-pc-cygwin/bin/ld: /tmp/ccAZgjwT.o:conftest.c:(.text.startup+0xa): undefined reference to `_doprnt'
collect2: error: ld returned 1 exit status
configure:3857: $? = 1
configure: failed program was:
| /* confdefs.h */
| #define PACKAGE_NAME "libbswabe"
| #define PACKAGE_TARNAME "libbswabe"
| #define PACKAGE_VERSION "0.9"
| #define PACKAGE_STRING "libbswabe 0.9"
| #define PACKAGE_BUGREPORT "bethenco@cs.berkeley.edu"
| #define PACKAGE_URL ""
| #define STDC_HEADERS 1
| #define HAVE_SYS_TYPES_H 1
| #define HAVE_SYS_STAT_H 1
| #define HAVE_STDLIB_H 1
| #define HAVE_STRING_H 1
| #define HAVE_MEMORY_H 1
| #define HAVE_STRINGS_H 1
| #define HAVE_INTTYPES_H 1
| #define HAVE_STDINT_H 1
| #define HAVE_UNISTD_H 1
| #define STDC_HEADERS 1
| #define HAVE_STDINT_H 1
| #define HAVE_STDLIB_H 1
| #define HAVE_STRING_H 1
| #define HAVE_STDLIB_H 1
| #define HAVE_MALLOC 1
| #define HAVE_ALLOCA_H 1
| #define HAVE_ALLOCA 1
| #define HAVE_VPRINTF 1
| /* end confdefs.h.  */
| /* Define _doprnt to an innocuous variant, in case <limits.h> declares _doprnt.
|    For example, HP-UX 11i <limits.h> declares gettimeofday.  */
| #define _doprnt innocuous__doprnt
| 
| /* System header to define __stub macros and hopefully few prototypes,
|     which can conflict with char _doprnt (); below.
|     Prefer <limits.h> to <assert.h> if __STDC__ is defined, since
|     <limits.h> exists even on freestanding compilers.  */
| 
| #ifdef __STDC__
| # include <limits.h>
| #else
| # include <assert.h>
| #endif
| 
| #undef _doprnt
| 
| /* Override any GCC internal prototype to avoid an error.
|    Use char because int might match the return type of a GCC
|    builtin and then its argument prototype would still apply.  */
| #ifdef __cplusplus
| extern "C"
| #endif
| char _doprnt ();
| /* The GNU C library defines this for functions which it implements
|     to always fail with ENOSYS.  Some functions are actually named
|     something starting with __ and the normal name is an alias.  */
| #if defined __stub__doprnt || defined __stub____doprnt
| choke me
| #endif
| 
| int
| main ()
| {
| return _doprnt ();
|   ;
|   return 0;
| }
configure:3857: result: no
configure:3868: checking for SHA1 in -lcrypto
configure:3893: gcc -o conftest.exe -O3 -Wall  -O3 -Wall conftest.c -lcrypto   >&5
configure:3893: $? = 0
configure:3902: result: yes
configure:3917: checking for strdup
configure:3917: gcc -o conftest.exe -O3 -Wall  -O3 -Wall conftest.c -lcrypto  >&5
conftest.c:52:6: warning: conflicting types for built-in function 'strdup'; expected 'char *(const char *)' [-Wbuiltin-declaration-mismatch]
   52 | char strdup ();
      |      ^~~~~~
configure:3917: $? = 0
configure:3917: result: yes
configure:3958: checking for pkg-config
configure:3976: found /usr/bin/pkg-config
configure:3989: result: /usr/bin/pkg-config
configure:4013: checking for GLIB - version >= 2.0.0
configure:4127: gcc -o conftest.exe -O3 -Wall -I/usr/include/glib-2.0 -I/usr/lib/glib-2.0/include  -O3 -Wall conftest.c -lglib-2.0 -lintl -lcrypto  >&5
configure:4127: $? = 0
configure:4127: ./conftest.exe
configure:4127: $? = 0
configure:4141: result: yes (version 2.64.6)
configure:4209: checking for GMP version >= 4.0.0 or later
configure:4256: gcc -o conftest.exe -O3 -Wall   -O3 -Wall conftest.c -lcrypto  -lgmp >&5
configure:4256: $? = 0
configure:4271: gcc -o conftest.exe -O3 -Wall   -O3 -Wall conftest.c -lcrypto  -lgmp >&5
configure:4271: $? = 0
configure:4271: ./conftest.exe
configure:4271: $? = 0
configure:4273: result: found
configure:4332: checking for the PBC library
configure:4379: gcc -o conftest.exe -O3 -Wall  -I/usr/include/pbc -I/usr/local/include/pbc  -O3 -Wall conftest.c -lcrypto  -lgmp -lpbc >&5
/usr/lib/gcc/x86_64-pc-cygwin/11/../../../../x86_64-pc-cygwin/bin/ld: cannot find -lpbc: No such file or directory
collect2: error: ld returned 1 exit status
configure:4379: $? = 1
configure: failed program was:
| /* confdefs.h */
| #define PACKAGE_NAME "libbswabe"
| #define PACKAGE_TARNAME "libbswabe"
| #define PACKAGE_VERSION "0.9"
| #define PACKAGE_STRING "libbswabe 0.9"
| #define PACKAGE_BUGREPORT "bethenco@cs.berkeley.edu"
| #define PACKAGE_URL ""
| #define STDC_HEADERS 1
| #define HAVE_SYS_TYPES_H 1
| #define HAVE_SYS_STAT_H 1
| #define HAVE_STDLIB_H 1
| #define HAVE_STRING_H 1
| #define HAVE_MEMORY_H 1
| #define HAVE_STRINGS_H 1
| #define HAVE_INTTYPES_H 1
| #define HAVE_STDINT_H 1
| #define HAVE_UNISTD_H 1
| #define STDC_HEADERS 1
| #define HAVE_STDINT_H 1
| #define HAVE_STDLIB_H 1
| #define HAVE_STRING_H 1
| #define HAVE_STDLIB_H 1
| #define HAVE_MALLOC 1
| #define HAVE_ALLOCA_H 1
| #define HAVE_ALLOCA 1
| #define HAVE_VPRINTF 1
| #define HAVE_LIBCRYPTO 1
| #define HAVE_STRDUP 1
| #define HAVE_GMP 1
| /* end confdefs.h.  */
| #include <pbc.h>
| int
| main ()
| {
| pairing_t p; pairing_init_set_buf(p, "", 0);
|   ;
|   return 0;
| }
configure:4391: result: not found
configure:4393: error: 

The PBC library was not found on your system! Please obtain it from

  http://crypto.stanford.edu/pbc/

and install it before trying again. If libpbc is already
installed in a non-standard location, try again with

  ./configure --with-pbc-include=DIR --with-pbc-lib=DIR

If you already specified those arguments, double check that pbc.h can
be found in the first path and libpbc.a can be found in the second.

See ./configure --help for more information.


## ---------------- ##
## Cache variables. ##
## ---------------- ##

ac_cv_c_compiler_gnu=yes
ac_cv_c_const=yes
ac_cv_c_uint32_t=yes
ac_cv_env_CC_set=
ac_cv_env_CC_value=
ac_cv_env_CFLAGS_set=
ac_cv_env_CFLAGS_value=
ac_cv_env_CPPFLAGS_set=
ac_cv_env_CPPFLAGS_value=
ac_cv_env_CPP_set=
ac_cv_env_CPP_value=
ac_cv_env_LDFLAGS_set=
ac_cv_env_LDFLAGS_value=
ac_cv_env_LIBS_set=
ac_cv_env_LIBS_value=
ac_cv_env_build_alias_set=
ac_cv_env_build_alias_value=
ac_cv_env_host_alias_set=
ac_cv_env_host_alias_value=
ac_cv_env_target_alias_set=
ac_cv_env_target_alias_value=
ac_cv_exeext=.exe
ac_cv_func__doprnt=no
ac_cv_func_alloca_works=yes
ac_cv_func_malloc_0_nonnull=yes
ac_cv_func_strdup=yes
ac_cv_func_vprintf=yes
ac_cv_header_inttypes_h=yes
ac_cv_header_memory_h=yes
ac_cv_header_stdc=yes
ac_cv_header_stdint_h=yes
ac_cv_header_stdlib_h=yes
ac_cv_header_string_h=yes
ac_cv_header_strings_h=yes
ac_cv_header_sys_stat_h=yes
ac_cv_header_sys_types_h=yes
ac_cv_header_unistd_h=yes
ac_cv_lib_crypto_SHA1=yes
ac_cv_objext=o
ac_cv_path_EGREP='/usr/bin/grep -E'
ac_cv_path_GREP=/usr/bin/grep
ac_cv_path_PKG_CONFIG=/usr/bin/pkg-config
ac_cv_prog_CPP='gcc -E'
ac_cv_prog_ac_ct_CC=gcc
ac_cv_prog_cc_c89=
ac_cv_prog_cc_g=yes
ac_cv_working_alloca_h=yes

## ----------------- ##
## Output variables. ##
## ----------------- ##

ALLOCA=''
CC='gcc'
CFLAGS='-O3 -Wall  -I/usr/include/pbc -I/usr/local/include/pbc'
CPP='gcc -E'
CPPFLAGS=''
DEFS=''
ECHO_C=''
ECHO_N='-n'
ECHO_T=''
EGREP='/usr/bin/grep -E'
EXEEXT='.exe'
GLIB_CFLAGS='-I/usr/include/glib-2.0 -I/usr/lib/glib-2.0/include'
GLIB_GENMARSHAL='/usr/bin/glib-genmarshal'
GLIB_LIBS='-lglib-2.0 -lintl'
GLIB_MKENUMS='/usr/bin/glib-mkenums'
GMP_CFLAGS=''
GMP_LIBS='-lgmp'
GOBJECT_QUERY='/usr/bin/gobject-query'
GREP='/usr/bin/grep'
LDFLAGS='-O3 -Wall'
LIBOBJS=''
LIBS='-lcrypto  -lgmp -lpbc'
LTLIBOBJS=''
OBJEXT='o'
PACKAGE_BUGREPORT='bethenco@cs.berkeley.edu'
PACKAGE_NAME='libbswabe'
PACKAGE_STRING='libbswabe 0.9'
PACKAGE_TARNAME='libbswabe'
PACKAGE_URL=''
PACKAGE_VERSION='0.9'
PATH_SEPARATOR=':'
PBC_CFLAGS='-I/usr/include/pbc -I/usr/local/include/pbc'
PBC_LIBS='-lpbc'
PKG_CONFIG='/usr/bin/pkg-config'
SHELL='/bin/sh'
ac_ct_CC='gcc'
bindir='${exec_prefix}/bin'
build_alias=''
datadir='${datarootdir}'
datarootdir='${prefix}/share'
docdir='${datarootdir}/doc/${PACKAGE_TARNAME}'
dvidir='${docdir}'
exec_prefix='NONE'
host_alias=''
htmldir='${docdir}'
includedir='${prefix}/include'
infodir='${datarootdir}/info'
libdir='${exec_prefix}/lib'
libexecdir='${exec_prefix}/libexec'
localedir='${datarootdir}/locale'
localstatedir='${prefix}/var'
mandir='${datarootdir}/man'
oldincludedir='/usr/include'
pdfdir='${docdir}'
prefix='NONE'
program_transform_name='s,x,x,'
psdir='${docdir}'
sbindir='${exec_prefix}/sbin'
sharedstatedir='${prefix}/com'
sysconfdir='${prefix}/etc'
target_alias=''

## ----------- ##
## confdefs.h. ##
## ----------- ##

/* confdefs.h */
#define PACKAGE_NAME "libbswabe"
#define PACKAGE_TARNAME "libbswabe"
#define PACKAGE_VERSION "0.9"
#define PACKAGE_STRING "libbswabe 0.9"
#define PACKAGE_BUGREPORT "bethenco@cs.berkeley.edu"
#define PACKAGE_URL ""
#define STDC_HEADERS 1
#define HAVE_SYS_TYPES_H 1
#define HAVE_SYS_STAT_H 1
#define HAVE_STDLIB_H 1
#define HAVE_STRING_H 1
#define HAVE_MEMORY_H 1
#define HAVE_STRINGS_H 1
#define HAVE_INTTYPES_H 1
#define HAVE_STDINT_H 1
#define HAVE_UNISTD_H 1
#define STDC_HEADERS 1
#define HAVE_STDINT_H 1
#define HAVE_STDLIB_H 1
#define HAVE_STRING_H 1
#define HAVE_STDLIB_H 1
#define HAVE_MALLOC 1
#define HAVE_ALLOCA_H 1
#define HAVE_ALLOCA 1
#define HAVE_VPRINTF 1
#define HAVE_LIBCRYPTO 1
#define HAVE_STRDUP 1
#define HAVE_GMP 1

configure: exit 1
