This file contains any messages produced by compilers while
running configure, to aid debugging if configure makes a mistake.

It was created by cpabe configure 0.11, which was
generated by GNU Autoconf 2.67.  Invocation command line was

  $ ./configure --with-pbc-include=/cygdrive/c/cygwin64/usr/local/include/pbc --with-pbc-lib=/cygdrive/c/cygwin64/usr/local/lib

## --------- ##
## Platform. ##
## --------- ##

hostname = Kupo
uname -m = x86_64
uname -r = 3.4.9-1.x86_64
uname -s = CYGWIN_NT-10.0-22621
uname -v = 2023-09-06 11:19 UTC

/usr/bin/uname -p = unknown
/bin/uname -X     = unknown

/bin/arch              = x86_64
/usr/bin/arch -k       = unknown
/usr/convex/getsysinfo = unknown
/usr/bin/hostinfo      = unknown
/bin/machine           = unknown
/usr/bin/oslevel       = unknown
/bin/universe          = unknown

PATH: /usr/local/bin
PATH: /usr/bin
PATH: /cygdrive/c/MinGW/bin
PATH: /cygdrive/c/Windows/system32
PATH: /cygdrive/c/Windows
PATH: /cygdrive/c/Windows/System32/Wbem
PATH: /cygdrive/c/Windows/System32/WindowsPowerShell/v1.0
PATH: /cygdrive/c/Windows/System32/OpenSSH
PATH: /cygdrive/c/Program Files/Intel/WiFi/bin
PATH: /cygdrive/c/Program Files/Common Files/Intel/WirelessCommon
PATH: /cygdrive/c/Program Files (x86)/NVIDIA Corporation/PhysX/Common
PATH: /cygdrive/c/Program Files/NVIDIA Corporation/NVIDIA NvDLISR
PATH: /cygdrive/c/WINDOWS/system32
PATH: /cygdrive/c/WINDOWS
PATH: /cygdrive/c/WINDOWS/System32/Wbem
PATH: /cygdrive/c/WINDOWS/System32/WindowsPowerShell/v1.0
PATH: /cygdrive/c/WINDOWS/System32/OpenSSH
PATH: /cygdrive/c/Program Files/Microsoft SQL Server/130/Tools/Binn
PATH: /cygdrive/c/Program Files/dotnet
PATH: /cygdrive/c/WINDOWS/system32
PATH: /cygdrive/c/WINDOWS
PATH: /cygdrive/c/WINDOWS/System32/Wbem
PATH: /cygdrive/c/WINDOWS/System32/WindowsPowerShell/v1.0
PATH: /cygdrive/c/WINDOWS/System32/OpenSSH
PATH: /cygdrive/c/Program Files/Git/cmd
PATH: /usr/bin
PATH: /cygdrive/c/MinGW/bin
PATH: /cygdrive/c/Program Files/Docker/Docker/resources/bin
PATH: /cygdrive/c/Program Files/nodejs
PATH: /cygdrive/c/ProgramData/chocolatey/bin
PATH: /cygdrive/c/Users/Dell/AppData/Local/Programs/Python/Python311/Scripts
PATH: /cygdrive/c/Program Files (x86)/GnuWin32/bin
PATH: /cygdrive/c/Program Files/MySQL/MySQL Server 8.0/bin
PATH: /cygdrive/c/Program Files/MySQL/MySQL Shell 8.0/bin
PATH: /cygdrive/c/Users/Dell/AppData/Local/Programs/Python/Python311/Scripts
PATH: /cygdrive/c/Users/Dell/AppData/Local/Programs/Python/Python311
PATH: /cygdrive/c/Users/Dell/AppData/Local/Microsoft/WindowsApps
PATH: /cygdrive/c/Users/Dell/AppData/Local/GitHubDesktop/bin
PATH: /cygdrive/c/Users/Dell/AppData/Local/Programs/Microsoft VS Code/bin
PATH: /cygdrive/c/Users/Dell/AppData/Local/Programs/Python/Python36-32
PATH: /cygdrive/c/Users/Dell/AppData/Roaming/npm


## ----------- ##
## Core tests. ##
## ----------- ##

configure:2224: checking whether to enable debugging
configure:2242: result: no
configure:2249: checking for bison
configure:2265: found /usr/bin/bison
configure:2276: result: bison -y
configure:2336: checking for gcc
configure:2352: found /usr/bin/gcc
configure:2363: result: gcc
configure:2592: checking for C compiler version
configure:2601: gcc --version >&5
gcc (GCC) 11.4.0
Copyright (C) 2021 Free Software Foundation, Inc.
This is free software; see the source for copying conditions.  There is NO
warranty; not even for MERCHANTABILITY or FITNESS FOR A PARTICULAR PURPOSE.

configure:2612: $? = 0
configure:2601: gcc -v >&5
Using built-in specs.
COLLECT_GCC=gcc
COLLECT_LTO_WRAPPER=/usr/lib/gcc/x86_64-pc-cygwin/11/lto-wrapper.exe
Target: x86_64-pc-cygwin
Configured with: /mnt/share/cygpkgs/gcc/gcc.x86_64/src/gcc-11.4.0/configure --srcdir=/mnt/share/cygpkgs/gcc/gcc.x86_64/src/gcc-11.4.0 --prefix=/usr --exec-prefix=/usr --localstatedir=/var --sysconfdir=/etc --docdir=/usr/share/doc/gcc --htmldir=/usr/share/doc/gcc/html -C --build=x86_64-pc-cygwin --host=x86_64-pc-cygwin --target=x86_64-pc-cygwin --without-libiconv-prefix --without-libintl-prefix --libexecdir=/usr/lib --with-gcc-major-version-only --enable-shared --enable-shared-libgcc --enable-static --enable-version-specific-runtime-libs --enable-bootstrap --enable-__cxa_atexit --with-dwarf2 --with-tune=generic --enable-languages=ada,c,c++,d,fortran,lto,objc,obj-c++,jit --enable-graphite --enable-threads=posix --enable-libatomic --enable-libgomp --enable-libquadmath --enable-libquadmath-support --disable-libssp --enable-libada --disable-symvers --disable-multilib --with-gnu-ld --with-gnu-as --with-cloog-include=/usr/include/cloog-isl --without-libiconv-prefix --without-libintl-prefix --with-system-zlib --enable-linker-build-id --with-default-libstdcxx-abi=gcc4-compatible --enable-libstdcxx-filesystem-ts
Thread model: posix
Supported LTO compression algorithms: zlib zstd
gcc version 11.4.0 (GCC) 
configure:2612: $? = 0
configure:2601: gcc -V >&5
gcc: error: unrecognized command-line option '-V'
gcc: fatal error: no input files
compilation terminated.
configure:2612: $? = 1
configure:2601: gcc -qversion >&5
gcc: error: unrecognized command-line option '-qversion'; did you mean '--version'?
gcc: fatal error: no input files
compilation terminated.
configure:2612: $? = 1
configure:2632: checking whether the C compiler works
configure:2654: gcc -O3 -Wall  -O3 -Wall conftest.c  >&5
configure:2658: $? = 0
configure:2706: result: yes
configure:2709: checking for C compiler default output file name
configure:2711: result: a.exe
configure:2717: checking for suffix of executables
configure:2724: gcc -o conftest.exe -O3 -Wall  -O3 -Wall conftest.c  >&5
configure:2728: $? = 0
configure:2750: result: .exe
configure:2772: checking whether we are cross compiling
configure:2780: gcc -o conftest.exe -O3 -Wall  -O3 -Wall conftest.c  >&5
configure:2784: $? = 0
configure:2791: ./conftest.exe
configure:2795: $? = 0
configure:2810: result: no
configure:2815: checking for suffix of object files
configure:2837: gcc -c -O3 -Wall  conftest.c >&5
configure:2841: $? = 0
configure:2862: result: o
configure:2866: checking whether we are using the GNU C compiler
configure:2885: gcc -c -O3 -Wall  conftest.c >&5
configure:2885: $? = 0
configure:2894: result: yes
configure:2903: checking whether gcc accepts -g
configure:2923: gcc -c -g  conftest.c >&5
configure:2923: $? = 0
configure:2964: result: yes
configure:2981: checking for gcc option to accept ISO C89
configure:3045: gcc  -c -O3 -Wall  conftest.c >&5
configure:3045: $? = 0
configure:3058: result: none needed
configure:3085: checking for an ANSI C-conforming const
configure:3150: gcc -c -O3 -Wall  conftest.c >&5
conftest.c: In function 'main':
conftest.c:38:7: warning: 't' is used uninitialized [-Wuninitialized]
   38 |     *t++ = 0;
      |      ~^~
conftest.c:54:23: warning: 'b' is used uninitialized [-Wuninitialized]
   54 |     struct s *b; b->j = 5;
      |                  ~~~~~^~~
conftest.c:60:13: warning: 'cs' is used uninitialized [-Wuninitialized]
   60 |   return !cs[0] && !zero.x;
      |           ~~^~~
conftest.c:17:17: note: 'cs' declared here
   17 |   const charset cs;
      |                 ^~
configure:3150: $? = 0
configure:3157: result: yes
configure:3170: checking how to run the C preprocessor
configure:3201: gcc -E  conftest.c
configure:3201: $? = 0
configure:3215: gcc -E  conftest.c
conftest.c:9:10: fatal error: ac_nonexistent.h: No such file or directory
    9 | #include <ac_nonexistent.h>
      |          ^~~~~~~~~~~~~~~~~~
compilation terminated.
configure:3215: $? = 1
configure: failed program was:
| /* confdefs.h */
| #define PACKAGE_NAME "cpabe"
| #define PACKAGE_TARNAME "cpabe"
| #define PACKAGE_VERSION "0.11"
| #define PACKAGE_STRING "cpabe 0.11"
| #define PACKAGE_BUGREPORT "bethenco@cs.berkeley.edu"
| #define PACKAGE_URL ""
| /* end confdefs.h.  */
| #include <ac_nonexistent.h>
configure:3240: result: gcc -E
configure:3260: gcc -E  conftest.c
configure:3260: $? = 0
configure:3274: gcc -E  conftest.c
conftest.c:9:10: fatal error: ac_nonexistent.h: No such file or directory
    9 | #include <ac_nonexistent.h>
      |          ^~~~~~~~~~~~~~~~~~
compilation terminated.
configure:3274: $? = 1
configure: failed program was:
| /* confdefs.h */
| #define PACKAGE_NAME "cpabe"
| #define PACKAGE_TARNAME "cpabe"
| #define PACKAGE_VERSION "0.11"
| #define PACKAGE_STRING "cpabe 0.11"
| #define PACKAGE_BUGREPORT "bethenco@cs.berkeley.edu"
| #define PACKAGE_URL ""
| /* end confdefs.h.  */
| #include <ac_nonexistent.h>
configure:3303: checking for grep that handles long lines and -e
configure:3361: result: /usr/bin/grep
configure:3366: checking for egrep
configure:3428: result: /usr/bin/grep -E
configure:3433: checking for ANSI C header files
configure:3453: gcc -c -O3 -Wall  conftest.c >&5
configure:3453: $? = 0
configure:3526: gcc -o conftest.exe -O3 -Wall  -O3 -Wall conftest.c  >&5
configure:3526: $? = 0
configure:3526: ./conftest.exe
configure:3526: $? = 0
configure:3537: result: yes
configure:3550: checking for sys/types.h
configure:3550: gcc -c -O3 -Wall  conftest.c >&5
configure:3550: $? = 0
configure:3550: result: yes
configure:3550: checking for sys/stat.h
configure:3550: gcc -c -O3 -Wall  conftest.c >&5
configure:3550: $? = 0
configure:3550: result: yes
configure:3550: checking for stdlib.h
configure:3550: gcc -c -O3 -Wall  conftest.c >&5
configure:3550: $? = 0
configure:3550: result: yes
configure:3550: checking for string.h
configure:3550: gcc -c -O3 -Wall  conftest.c >&5
configure:3550: $? = 0
configure:3550: result: yes
configure:3550: checking for memory.h
configure:3550: gcc -c -O3 -Wall  conftest.c >&5
configure:3550: $? = 0
configure:3550: result: yes
configure:3550: checking for strings.h
configure:3550: gcc -c -O3 -Wall  conftest.c >&5
configure:3550: $? = 0
configure:3550: result: yes
configure:3550: checking for inttypes.h
configure:3550: gcc -c -O3 -Wall  conftest.c >&5
configure:3550: $? = 0
configure:3550: result: yes
configure:3550: checking for stdint.h
configure:3550: gcc -c -O3 -Wall  conftest.c >&5
configure:3550: $? = 0
configure:3550: result: yes
configure:3550: checking for unistd.h
configure:3550: gcc -c -O3 -Wall  conftest.c >&5
configure:3550: $? = 0
configure:3550: result: yes
configure:3562: checking for size_t
configure:3562: gcc -c -O3 -Wall  conftest.c >&5
configure:3562: $? = 0
configure:3562: gcc -c -O3 -Wall  conftest.c >&5
conftest.c: In function 'main':
conftest.c:55:21: error: expected expression before ')' token
   55 | if (sizeof ((size_t)))
      |                     ^
configure:3562: $? = 1
configure: failed program was:
| /* confdefs.h */
| #define PACKAGE_NAME "cpabe"
| #define PACKAGE_TARNAME "cpabe"
| #define PACKAGE_VERSION "0.11"
| #define PACKAGE_STRING "cpabe 0.11"
| #define PACKAGE_BUGREPORT "bethenco@cs.berkeley.edu"
| #define PACKAGE_URL ""
| #define STDC_HEADERS 1
| #define HAVE_SYS_TYPES_H 1
| #define HAVE_SYS_STAT_H 1
| #define HAVE_STDLIB_H 1
| #define HAVE_STRING_H 1
| #define HAVE_MEMORY_H 1
| #define HAVE_STRINGS_H 1
| #define HAVE_INTTYPES_H 1
| #define HAVE_STDINT_H 1
| #define HAVE_UNISTD_H 1
| /* end confdefs.h.  */
| #include <stdio.h>
| #ifdef HAVE_SYS_TYPES_H
| # include <sys/types.h>
| #endif
| #ifdef HAVE_SYS_STAT_H
| # include <sys/stat.h>
| #endif
| #ifdef STDC_HEADERS
| # include <stdlib.h>
| # include <stddef.h>
| #else
| # ifdef HAVE_STDLIB_H
| #  include <stdlib.h>
| # endif
| #endif
| #ifdef HAVE_STRING_H
| # if !defined STDC_HEADERS && defined HAVE_MEMORY_H
| #  include <memory.h>
| # endif
| # include <string.h>
| #endif
| #ifdef HAVE_STRINGS_H
| # include <strings.h>
| #endif
| #ifdef HAVE_INTTYPES_H
| # include <inttypes.h>
| #endif
| #ifdef HAVE_STDINT_H
| # include <stdint.h>
| #endif
| #ifdef HAVE_UNISTD_H
| # include <unistd.h>
| #endif
| int
| main ()
| {
| if (sizeof ((size_t)))
| 	    return 0;
|   ;
|   return 0;
| }
configure:3562: result: yes
configure:3573: checking for uint32_t
configure:3573: gcc -c -O3 -Wall  conftest.c >&5
conftest.c: In function 'main':
conftest.c:55:12: warning: variable 'test_array' set but not used [-Wunused-but-set-variable]
   55 | static int test_array [1 - 2 * !(((uint32_t) -1 >> (32 / 2 - 1)) >> (32 / 2 - 1) == 3)];
      |            ^~~~~~~~~~
configure:3573: $? = 0
configure:3573: result: yes
configure:3587: checking for uint64_t
configure:3587: gcc -c -O3 -Wall  conftest.c >&5
conftest.c: In function 'main':
conftest.c:55:12: warning: variable 'test_array' set but not used [-Wunused-but-set-variable]
   55 | static int test_array [1 - 2 * !(((uint64_t) -1 >> (64 / 2 - 1)) >> (64 / 2 - 1) == 3)];
      |            ^~~~~~~~~~
configure:3587: $? = 0
configure:3587: result: yes
configure:3602: checking for ANSI C header files
configure:3706: result: yes
configure:3717: checking fcntl.h usability
configure:3717: gcc -c -O3 -Wall  conftest.c >&5
configure:3717: $? = 0
configure:3717: result: yes
configure:3717: checking fcntl.h presence
configure:3717: gcc -E  conftest.c
configure:3717: $? = 0
configure:3717: result: yes
configure:3717: checking for fcntl.h
configure:3717: result: yes
configure:3717: checking stddef.h usability
configure:3717: gcc -c -O3 -Wall  conftest.c >&5
configure:3717: $? = 0
configure:3717: result: yes
configure:3717: checking stddef.h presence
configure:3717: gcc -E  conftest.c
configure:3717: $? = 0
configure:3717: result: yes
configure:3717: checking for stddef.h
configure:3717: result: yes
configure:3717: checking for string.h
configure:3717: result: yes
configure:3732: checking for stdlib.h
configure:3732: result: yes
configure:3742: checking for GNU libc compatible malloc
configure:3766: gcc -o conftest.exe -O3 -Wall  -O3 -Wall conftest.c  >&5
configure:3766: $? = 0
configure:3766: ./conftest.exe
configure:3766: $? = 0
configure:3776: result: yes
configure:3797: checking whether lstat correctly handles trailing slash
configure:3823: gcc -o conftest.exe -O3 -Wall  -O3 -Wall conftest.c  >&5
configure:3823: $? = 0
configure:3823: ./conftest.exe
configure:3823: $? = 0
configure:3840: result: yes
configure:3859: checking whether stat accepts an empty string
configure:3879: gcc -o conftest.exe -O3 -Wall  -O3 -Wall conftest.c  >&5
configure:3879: $? = 0
configure:3879: ./conftest.exe
configure:3879: $? = 0
configure:3889: result: no
configure:3907: checking for vprintf
configure:3907: gcc -o conftest.exe -O3 -Wall  -O3 -Wall conftest.c  >&5
conftest.c:49:6: warning: conflicting types for built-in function 'vprintf'; expected 'int(const char *, char *)' [-Wbuiltin-declaration-mismatch]
   49 | char vprintf ();
      |      ^~~~~~~
conftest.c:37:1: note: 'vprintf' is declared in header '<stdio.h>'
   36 | # include <limits.h>
   37 | #else
configure:3907: $? = 0
configure:3907: result: yes
configure:3913: checking for _doprnt
configure:3913: gcc -o conftest.exe -O3 -Wall  -O3 -Wall conftest.c  >&5
/usr/lib/gcc/x86_64-pc-cygwin/11/../../../../x86_64-pc-cygwin/bin/ld: /tmp/ccXguQWs.o:conftest.c:(.text.startup+0xa): undefined reference to `_doprnt'
collect2: error: ld returned 1 exit status
configure:3913: $? = 1
configure: failed program was:
| /* confdefs.h */
| #define PACKAGE_NAME "cpabe"
| #define PACKAGE_TARNAME "cpabe"
| #define PACKAGE_VERSION "0.11"
| #define PACKAGE_STRING "cpabe 0.11"
| #define PACKAGE_BUGREPORT "bethenco@cs.berkeley.edu"
| #define PACKAGE_URL ""
| #define STDC_HEADERS 1
| #define HAVE_SYS_TYPES_H 1
| #define HAVE_SYS_STAT_H 1
| #define HAVE_STDLIB_H 1
| #define HAVE_STRING_H 1
| #define HAVE_MEMORY_H 1
| #define HAVE_STRINGS_H 1
| #define HAVE_INTTYPES_H 1
| #define HAVE_STDINT_H 1
| #define HAVE_UNISTD_H 1
| #define STDC_HEADERS 1
| #define HAVE_FCNTL_H 1
| #define HAVE_STDDEF_H 1
| #define HAVE_STRING_H 1
| #define HAVE_STDLIB_H 1
| #define HAVE_MALLOC 1
| #define LSTAT_FOLLOWS_SLASHED_SYMLINK 1
| #define HAVE_VPRINTF 1
| /* end confdefs.h.  */
| /* Define _doprnt to an innocuous variant, in case <limits.h> declares _doprnt.
|    For example, HP-UX 11i <limits.h> declares gettimeofday.  */
| #define _doprnt innocuous__doprnt
| 
| /* System header to define __stub macros and hopefully few prototypes,
|     which can conflict with char _doprnt (); below.
|     Prefer <limits.h> to <assert.h> if __STDC__ is defined, since
|     <limits.h> exists even on freestanding compilers.  */
| 
| #ifdef __STDC__
| # include <limits.h>
| #else
| # include <assert.h>
| #endif
| 
| #undef _doprnt
| 
| /* Override any GCC internal prototype to avoid an error.
|    Use char because int might match the return type of a GCC
|    builtin and then its argument prototype would still apply.  */
| #ifdef __cplusplus
| extern "C"
| #endif
| char _doprnt ();
| /* The GNU C library defines this for functions which it implements
|     to always fail with ENOSYS.  Some functions are actually named
|     something starting with __ and the normal name is an alias.  */
| #if defined __stub__doprnt || defined __stub____doprnt
| choke me
| #endif
| 
| int
| main ()
| {
| return _doprnt ();
|   ;
|   return 0;
| }
configure:3913: result: no
configure:3924: checking for SHA1 in -lcrypto
configure:3949: gcc -o conftest.exe -O3 -Wall  -O3 -Wall conftest.c -lcrypto   >&5
configure:3949: $? = 0
configure:3958: result: yes
configure:3971: checking for EVP_aes_128_cbc in -lcrypto
configure:3996: gcc -o conftest.exe -O3 -Wall  -O3 -Wall conftest.c -lcrypto  -lcrypto  >&5
configure:3996: $? = 0
configure:4005: result: yes
configure:4021: checking for strchr
configure:4021: gcc -o conftest.exe -O3 -Wall  -O3 -Wall conftest.c -lcrypto -lcrypto  >&5
conftest.c:52:6: warning: conflicting types for built-in function 'strchr'; expected 'char *(const char *, int)' [-Wbuiltin-declaration-mismatch]
   52 | char strchr ();
      |      ^~~~~~
conftest.c:40:1: note: 'strchr' is declared in header '<string.h>'
   39 | # include <limits.h>
   40 | #else
configure:4021: $? = 0
configure:4021: result: yes
configure:4021: checking for strdup
configure:4021: gcc -o conftest.exe -O3 -Wall  -O3 -Wall conftest.c -lcrypto -lcrypto  >&5
conftest.c:53:6: warning: conflicting types for built-in function 'strdup'; expected 'char *(const char *)' [-Wbuiltin-declaration-mismatch]
   53 | char strdup ();
      |      ^~~~~~
configure:4021: $? = 0
configure:4021: result: yes
configure:4021: checking for memset
configure:4021: gcc -o conftest.exe -O3 -Wall  -O3 -Wall conftest.c -lcrypto -lcrypto  >&5
conftest.c:54:6: warning: conflicting types for built-in function 'memset'; expected 'void *(void *, int,  long unsigned int)' [-Wbuiltin-declaration-mismatch]
   54 | char memset ();
      |      ^~~~~~
conftest.c:42:1: note: 'memset' is declared in header '<string.h>'
   41 | # include <limits.h>
   42 | #else
configure:4021: $? = 0
configure:4021: result: yes
configure:4062: checking for pkg-config
configure:4080: found /usr/bin/pkg-config
configure:4093: result: /usr/bin/pkg-config
configure:4117: checking for GLIB - version >= 2.0.0
configure:4231: gcc -o conftest.exe -O3 -Wall -I/usr/include/glib-2.0 -I/usr/lib/glib-2.0/include  -O3 -Wall conftest.c -lglib-2.0 -lintl -lcrypto -lcrypto  >&5
configure:4231: $? = 0
configure:4231: ./conftest.exe
configure:4231: $? = 0
configure:4245: result: yes (version 2.64.6)
configure:4313: checking for GMP version >= 4.0.0 or later
configure:4360: gcc -o conftest.exe -O3 -Wall   -O3 -Wall conftest.c -lcrypto -lcrypto  -Wl,-rpath /usr/local/lib -lgmp >&5
configure:4360: $? = 0
configure:4375: gcc -o conftest.exe -O3 -Wall   -O3 -Wall conftest.c -lcrypto -lcrypto  -Wl,-rpath /usr/local/lib -lgmp >&5
configure:4375: $? = 0
configure:4375: ./conftest.exe
configure:4375: $? = 0
configure:4377: result: found
configure:4436: checking for the PBC library
configure:4483: gcc -o conftest.exe -O3 -Wall -I/cygdrive/c/cygwin64/usr/local/include/pbc   -O3 -Wall conftest.c -lcrypto -lcrypto  -L/cygdrive/c/cygwin64/usr/local/lib -Wl,-rpath /cygdrive/c/cygwin64/usr/local/lib -Wl,-rpath /usr/local/lib -lpbc -Wl,-rpath /usr/local/lib -lgmp >&5
configure:4483: $? = 0
configure:4485: result: found
configure:4524: checking for libbswabe
configure:4574: gcc -o conftest.exe -O3 -Wall  -I/cygdrive/c/cygwin64/usr/local/include/pbc  -I/usr/include/glib-2.0 -I/usr/lib/glib-2.0/include  -O3 -Wall conftest.c -lcrypto -lcrypto  -lbswabe -L/cygdrive/c/cygwin64/usr/local/lib -Wl,-rpath /cygdrive/c/cygwin64/usr/local/lib -Wl,-rpath /usr/local/lib -lpbc -Wl,-rpath /usr/local/lib -lgmp -lglib-2.0 -lintl >&5
conftest.c: In function 'main':
conftest.c:41:4: warning: 'p' is used uninitialized [-Wuninitialized]
   41 |    bswabe_pub_free(p);
      |    ^~~~~~~~~~~~~~~~~~
configure:4574: $? = 0
configure:4576: result: found
configure:4749: creating ./config.status

## ---------------------- ##
## Running config.status. ##
## ---------------------- ##

This file was extended by cpabe config.status 0.11, which was
generated by GNU Autoconf 2.67.  Invocation command line was

  CONFIG_FILES    = 
  CONFIG_HEADERS  = 
  CONFIG_LINKS    = 
  CONFIG_COMMANDS = 
  $ ./config.status 

on Kupo

config.status:748: creating Makefile
config.status:847: WARNING:  'Makefile.in' seems to ignore the --datarootdir setting

## ---------------- ##
## Cache variables. ##
## ---------------- ##

ac_cv_c_compiler_gnu=yes
ac_cv_c_const=yes
ac_cv_c_uint32_t=yes
ac_cv_c_uint64_t=yes
ac_cv_env_CC_set=
ac_cv_env_CC_value=
ac_cv_env_CFLAGS_set=
ac_cv_env_CFLAGS_value=
ac_cv_env_CPPFLAGS_set=
ac_cv_env_CPPFLAGS_value=
ac_cv_env_CPP_set=
ac_cv_env_CPP_value=
ac_cv_env_LDFLAGS_set=
ac_cv_env_LDFLAGS_value=
ac_cv_env_LIBS_set=
ac_cv_env_LIBS_value=
ac_cv_env_YACC_set=
ac_cv_env_YACC_value=
ac_cv_env_YFLAGS_set=
ac_cv_env_YFLAGS_value=
ac_cv_env_build_alias_set=
ac_cv_env_build_alias_value=
ac_cv_env_host_alias_set=
ac_cv_env_host_alias_value=
ac_cv_env_target_alias_set=
ac_cv_env_target_alias_value=
ac_cv_exeext=.exe
ac_cv_func__doprnt=no
ac_cv_func_lstat_dereferences_slashed_symlink=yes
ac_cv_func_malloc_0_nonnull=yes
ac_cv_func_memset=yes
ac_cv_func_stat_empty_string_bug=no
ac_cv_func_strchr=yes
ac_cv_func_strdup=yes
ac_cv_func_vprintf=yes
ac_cv_header_fcntl_h=yes
ac_cv_header_inttypes_h=yes
ac_cv_header_memory_h=yes
ac_cv_header_stdc=yes
ac_cv_header_stddef_h=yes
ac_cv_header_stdint_h=yes
ac_cv_header_stdlib_h=yes
ac_cv_header_string_h=yes
ac_cv_header_strings_h=yes
ac_cv_header_sys_stat_h=yes
ac_cv_header_sys_types_h=yes
ac_cv_header_unistd_h=yes
ac_cv_lib_crypto_EVP_aes_128_cbc=yes
ac_cv_lib_crypto_SHA1=yes
ac_cv_objext=o
ac_cv_path_EGREP='/usr/bin/grep -E'
ac_cv_path_GREP=/usr/bin/grep
ac_cv_path_PKG_CONFIG=/usr/bin/pkg-config
ac_cv_prog_CPP='gcc -E'
ac_cv_prog_YACC='bison -y'
ac_cv_prog_ac_ct_CC=gcc
ac_cv_prog_cc_c89=
ac_cv_prog_cc_g=yes
ac_cv_type_size_t=yes

## ----------------- ##
## Output variables. ##
## ----------------- ##

BSWABE_CFLAGS=''
BSWABE_LIBS='-lbswabe'
CC='gcc'
CFLAGS='-O3 -Wall'
CPP='gcc -E'
CPPFLAGS=''
DEFS='-DPACKAGE_NAME=\"cpabe\" -DPACKAGE_TARNAME=\"cpabe\" -DPACKAGE_VERSION=\"0.11\" -DPACKAGE_STRING=\"cpabe\ 0.11\" -DPACKAGE_BUGREPORT=\"bethenco@cs.berkeley.edu\" -DPACKAGE_URL=\"\" -DSTDC_HEADERS=1 -DHAVE_SYS_TYPES_H=1 -DHAVE_SYS_STAT_H=1 -DHAVE_STDLIB_H=1 -DHAVE_STRING_H=1 -DHAVE_MEMORY_H=1 -DHAVE_STRINGS_H=1 -DHAVE_INTTYPES_H=1 -DHAVE_STDINT_H=1 -DHAVE_UNISTD_H=1 -DSTDC_HEADERS=1 -DHAVE_FCNTL_H=1 -DHAVE_STDDEF_H=1 -DHAVE_STRING_H=1 -DHAVE_STDLIB_H=1 -DHAVE_MALLOC=1 -DLSTAT_FOLLOWS_SLASHED_SYMLINK=1 -DHAVE_VPRINTF=1 -DHAVE_LIBCRYPTO=1 -DHAVE_LIBCRYPTO=1 -DHAVE_STRCHR=1 -DHAVE_STRDUP=1 -DHAVE_MEMSET=1 -DHAVE_GMP=1 -DHAVE_PBC=1 -DHAVE_BSWABE=1'
ECHO_C=''
ECHO_N='-n'
ECHO_T=''
EGREP='/usr/bin/grep -E'
EXEEXT='.exe'
GLIB_CFLAGS='-I/usr/include/glib-2.0 -I/usr/lib/glib-2.0/include'
GLIB_GENMARSHAL='/usr/bin/glib-genmarshal'
GLIB_LIBS='-lglib-2.0 -lintl'
GLIB_MKENUMS='/usr/bin/glib-mkenums'
GMP_CFLAGS=''
GMP_LIBS='-Wl,-rpath /usr/local/lib -lgmp'
GOBJECT_QUERY='/usr/bin/gobject-query'
GREP='/usr/bin/grep'
LDFLAGS='-O3 -Wall'
LIBOBJS=''
LIBS='-lcrypto -lcrypto '
LTLIBOBJS=''
OBJEXT='o'
PACKAGE_BUGREPORT='bethenco@cs.berkeley.edu'
PACKAGE_NAME='cpabe'
PACKAGE_STRING='cpabe 0.11'
PACKAGE_TARNAME='cpabe'
PACKAGE_URL=''
PACKAGE_VERSION='0.11'
PATH_SEPARATOR=':'
PBC_CFLAGS='-I/cygdrive/c/cygwin64/usr/local/include/pbc'
PBC_LIBS='-L/cygdrive/c/cygwin64/usr/local/lib -Wl,-rpath /cygdrive/c/cygwin64/usr/local/lib -Wl,-rpath /usr/local/lib -lpbc'
PKG_CONFIG='/usr/bin/pkg-config'
SHELL='/bin/sh'
YACC='bison -y'
YFLAGS=''
ac_ct_CC='gcc'
bindir='${exec_prefix}/bin'
build_alias=''
datadir='${datarootdir}'
datarootdir='${prefix}/share'
docdir='${datarootdir}/doc/${PACKAGE_TARNAME}'
dvidir='${docdir}'
exec_prefix='${prefix}'
host_alias=''
htmldir='${docdir}'
includedir='${prefix}/include'
infodir='${datarootdir}/info'
libdir='${exec_prefix}/lib'
libexecdir='${exec_prefix}/libexec'
localedir='${datarootdir}/locale'
localstatedir='${prefix}/var'
mandir='${datarootdir}/man'
oldincludedir='/usr/include'
pdfdir='${docdir}'
prefix='/usr/local'
program_transform_name='s,x,x,'
psdir='${docdir}'
sbindir='${exec_prefix}/sbin'
sharedstatedir='${prefix}/com'
sysconfdir='${prefix}/etc'
target_alias=''

## ----------- ##
## confdefs.h. ##
## ----------- ##

/* confdefs.h */
#define PACKAGE_NAME "cpabe"
#define PACKAGE_TARNAME "cpabe"
#define PACKAGE_VERSION "0.11"
#define PACKAGE_STRING "cpabe 0.11"
#define PACKAGE_BUGREPORT "bethenco@cs.berkeley.edu"
#define PACKAGE_URL ""
#define STDC_HEADERS 1
#define HAVE_SYS_TYPES_H 1
#define HAVE_SYS_STAT_H 1
#define HAVE_STDLIB_H 1
#define HAVE_STRING_H 1
#define HAVE_MEMORY_H 1
#define HAVE_STRINGS_H 1
#define HAVE_INTTYPES_H 1
#define HAVE_STDINT_H 1
#define HAVE_UNISTD_H 1
#define STDC_HEADERS 1
#define HAVE_FCNTL_H 1
#define HAVE_STDDEF_H 1
#define HAVE_STRING_H 1
#define HAVE_STDLIB_H 1
#define HAVE_MALLOC 1
#define LSTAT_FOLLOWS_SLASHED_SYMLINK 1
#define HAVE_VPRINTF 1
#define HAVE_LIBCRYPTO 1
#define HAVE_LIBCRYPTO 1
#define HAVE_STRCHR 1
#define HAVE_STRDUP 1
#define HAVE_MEMSET 1
#define HAVE_GMP 1
#define HAVE_PBC 1
#define HAVE_BSWABE 1

configure: exit 0
